0 info it worked if it ends with ok
1 verbose cli [ 'node', '/usr/local/bin/npm', 'install' ]
2 info using npm@1.2.32
3 info using node@v0.10.12
4 verbose read json /Users/paulsanderson/working/dronetest/package.json
5 warn package.json dronetest@0.0.0 No repository field.
6 warn package.json dronetest@0.0.0 No readme data.
7 verbose readDependencies using package.json deps
8 verbose install where, deps [ '/Users/paulsanderson/working/dronetest',
8 verbose install   [ 'grunt',
8 verbose install     'grunt-contrib-copy',
8 verbose install     'grunt-contrib-concat',
8 verbose install     'grunt-contrib-coffee',
8 verbose install     'grunt-contrib-uglify',
8 verbose install     'grunt-contrib-compass',
8 verbose install     'grunt-contrib-jshint',
8 verbose install     'grunt-contrib-cssmin',
8 verbose install     'grunt-contrib-connect',
8 verbose install     'grunt-contrib-clean',
8 verbose install     'grunt-contrib-htmlmin',
8 verbose install     'grunt-contrib-imagemin',
8 verbose install     'grunt-contrib-watch',
8 verbose install     'grunt-usemin',
8 verbose install     'grunt-rev',
8 verbose install     'grunt-karma',
8 verbose install     'grunt-open',
8 verbose install     'grunt-concurrent',
8 verbose install     'matchdep',
8 verbose install     'connect-livereload',
8 verbose install     'grunt-google-cdn',
8 verbose install     'grunt-ngmin' ] ]
9 verbose from cache /Users/paulsanderson/working/dronetest/package.json
10 info preinstall dronetest@0.0.0
11 verbose from cache /Users/paulsanderson/working/dronetest/package.json
12 verbose readDependencies using package.json deps
13 verbose cache add [ 'grunt@~0.4.1', null ]
14 verbose cache add name=undefined spec="grunt@~0.4.1" args=["grunt@~0.4.1",null]
15 verbose parsed url { protocol: null,
15 verbose parsed url   slashes: null,
15 verbose parsed url   auth: null,
15 verbose parsed url   host: null,
15 verbose parsed url   port: null,
15 verbose parsed url   hostname: null,
15 verbose parsed url   hash: null,
15 verbose parsed url   search: null,
15 verbose parsed url   query: null,
15 verbose parsed url   pathname: 'grunt@~0.4.1',
15 verbose parsed url   path: 'grunt@~0.4.1',
15 verbose parsed url   href: 'grunt@~0.4.1' }
16 verbose cache add name="grunt" spec="~0.4.1" args=["grunt","~0.4.1"]
17 verbose parsed url { protocol: null,
17 verbose parsed url   slashes: null,
17 verbose parsed url   auth: null,
17 verbose parsed url   host: null,
17 verbose parsed url   port: null,
17 verbose parsed url   hostname: null,
17 verbose parsed url   hash: null,
17 verbose parsed url   search: null,
17 verbose parsed url   query: null,
17 verbose parsed url   pathname: '~0.4.1',
17 verbose parsed url   path: '~0.4.1',
17 verbose parsed url   href: '~0.4.1' }
18 verbose addNamed [ 'grunt', '~0.4.1' ]
19 verbose addNamed [ null, '>=0.4.1- <0.5.0-' ]
20 verbose cache add [ 'grunt-contrib-copy@~0.4.1', null ]
21 verbose cache add name=undefined spec="grunt-contrib-copy@~0.4.1" args=["grunt-contrib-copy@~0.4.1",null]
22 verbose parsed url { protocol: null,
22 verbose parsed url   slashes: null,
22 verbose parsed url   auth: null,
22 verbose parsed url   host: null,
22 verbose parsed url   port: null,
22 verbose parsed url   hostname: null,
22 verbose parsed url   hash: null,
22 verbose parsed url   search: null,
22 verbose parsed url   query: null,
22 verbose parsed url   pathname: 'grunt-contrib-copy@~0.4.1',
22 verbose parsed url   path: 'grunt-contrib-copy@~0.4.1',
22 verbose parsed url   href: 'grunt-contrib-copy@~0.4.1' }
23 verbose cache add name="grunt-contrib-copy" spec="~0.4.1" args=["grunt-contrib-copy","~0.4.1"]
24 verbose parsed url { protocol: null,
24 verbose parsed url   slashes: null,
24 verbose parsed url   auth: null,
24 verbose parsed url   host: null,
24 verbose parsed url   port: null,
24 verbose parsed url   hostname: null,
24 verbose parsed url   hash: null,
24 verbose parsed url   search: null,
24 verbose parsed url   query: null,
24 verbose parsed url   pathname: '~0.4.1',
24 verbose parsed url   path: '~0.4.1',
24 verbose parsed url   href: '~0.4.1' }
25 verbose addNamed [ 'grunt-contrib-copy', '~0.4.1' ]
26 verbose addNamed [ null, '>=0.4.1- <0.5.0-' ]
27 verbose cache add [ 'grunt-contrib-coffee@~0.7.0', null ]
28 verbose cache add name=undefined spec="grunt-contrib-coffee@~0.7.0" args=["grunt-contrib-coffee@~0.7.0",null]
29 verbose parsed url { protocol: null,
29 verbose parsed url   slashes: null,
29 verbose parsed url   auth: null,
29 verbose parsed url   host: null,
29 verbose parsed url   port: null,
29 verbose parsed url   hostname: null,
29 verbose parsed url   hash: null,
29 verbose parsed url   search: null,
29 verbose parsed url   query: null,
29 verbose parsed url   pathname: 'grunt-contrib-coffee@~0.7.0',
29 verbose parsed url   path: 'grunt-contrib-coffee@~0.7.0',
29 verbose parsed url   href: 'grunt-contrib-coffee@~0.7.0' }
30 verbose cache add name="grunt-contrib-coffee" spec="~0.7.0" args=["grunt-contrib-coffee","~0.7.0"]
31 verbose parsed url { protocol: null,
31 verbose parsed url   slashes: null,
31 verbose parsed url   auth: null,
31 verbose parsed url   host: null,
31 verbose parsed url   port: null,
31 verbose parsed url   hostname: null,
31 verbose parsed url   hash: null,
31 verbose parsed url   search: null,
31 verbose parsed url   query: null,
31 verbose parsed url   pathname: '~0.7.0',
31 verbose parsed url   path: '~0.7.0',
31 verbose parsed url   href: '~0.7.0' }
32 verbose addNamed [ 'grunt-contrib-coffee', '~0.7.0' ]
33 verbose addNamed [ null, '>=0.7.0- <0.8.0-' ]
34 verbose cache add [ 'grunt-contrib-concat@~0.3.0', null ]
35 verbose cache add name=undefined spec="grunt-contrib-concat@~0.3.0" args=["grunt-contrib-concat@~0.3.0",null]
36 verbose parsed url { protocol: null,
36 verbose parsed url   slashes: null,
36 verbose parsed url   auth: null,
36 verbose parsed url   host: null,
36 verbose parsed url   port: null,
36 verbose parsed url   hostname: null,
36 verbose parsed url   hash: null,
36 verbose parsed url   search: null,
36 verbose parsed url   query: null,
36 verbose parsed url   pathname: 'grunt-contrib-concat@~0.3.0',
36 verbose parsed url   path: 'grunt-contrib-concat@~0.3.0',
36 verbose parsed url   href: 'grunt-contrib-concat@~0.3.0' }
37 verbose cache add name="grunt-contrib-concat" spec="~0.3.0" args=["grunt-contrib-concat","~0.3.0"]
38 verbose parsed url { protocol: null,
38 verbose parsed url   slashes: null,
38 verbose parsed url   auth: null,
38 verbose parsed url   host: null,
38 verbose parsed url   port: null,
38 verbose parsed url   hostname: null,
38 verbose parsed url   hash: null,
38 verbose parsed url   search: null,
38 verbose parsed url   query: null,
38 verbose parsed url   pathname: '~0.3.0',
38 verbose parsed url   path: '~0.3.0',
38 verbose parsed url   href: '~0.3.0' }
39 verbose addNamed [ 'grunt-contrib-concat', '~0.3.0' ]
40 verbose addNamed [ null, '>=0.3.0- <0.4.0-' ]
41 verbose cache add [ 'grunt-contrib-uglify@~0.2.0', null ]
42 verbose cache add name=undefined spec="grunt-contrib-uglify@~0.2.0" args=["grunt-contrib-uglify@~0.2.0",null]
43 verbose parsed url { protocol: null,
43 verbose parsed url   slashes: null,
43 verbose parsed url   auth: null,
43 verbose parsed url   host: null,
43 verbose parsed url   port: null,
43 verbose parsed url   hostname: null,
43 verbose parsed url   hash: null,
43 verbose parsed url   search: null,
43 verbose parsed url   query: null,
43 verbose parsed url   pathname: 'grunt-contrib-uglify@~0.2.0',
43 verbose parsed url   path: 'grunt-contrib-uglify@~0.2.0',
43 verbose parsed url   href: 'grunt-contrib-uglify@~0.2.0' }
44 verbose cache add name="grunt-contrib-uglify" spec="~0.2.0" args=["grunt-contrib-uglify","~0.2.0"]
45 verbose parsed url { protocol: null,
45 verbose parsed url   slashes: null,
45 verbose parsed url   auth: null,
45 verbose parsed url   host: null,
45 verbose parsed url   port: null,
45 verbose parsed url   hostname: null,
45 verbose parsed url   hash: null,
45 verbose parsed url   search: null,
45 verbose parsed url   query: null,
45 verbose parsed url   pathname: '~0.2.0',
45 verbose parsed url   path: '~0.2.0',
45 verbose parsed url   href: '~0.2.0' }
46 verbose addNamed [ 'grunt-contrib-uglify', '~0.2.0' ]
47 verbose addNamed [ null, '>=0.2.0- <0.3.0-' ]
48 silly lockFile 766a3bd3-grunt-0-4-1 grunt@~0.4.1
49 verbose lock grunt@~0.4.1 /Users/paulsanderson/.npm/766a3bd3-grunt-0-4-1.lock
50 silly lockFile c84f658a-grunt-contrib-copy-0-4-1 grunt-contrib-copy@~0.4.1
51 verbose lock grunt-contrib-copy@~0.4.1 /Users/paulsanderson/.npm/c84f658a-grunt-contrib-copy-0-4-1.lock
52 verbose cache add [ 'grunt-contrib-compass@~0.3.0', null ]
53 verbose cache add name=undefined spec="grunt-contrib-compass@~0.3.0" args=["grunt-contrib-compass@~0.3.0",null]
54 verbose parsed url { protocol: null,
54 verbose parsed url   slashes: null,
54 verbose parsed url   auth: null,
54 verbose parsed url   host: null,
54 verbose parsed url   port: null,
54 verbose parsed url   hostname: null,
54 verbose parsed url   hash: null,
54 verbose parsed url   search: null,
54 verbose parsed url   query: null,
54 verbose parsed url   pathname: 'grunt-contrib-compass@~0.3.0',
54 verbose parsed url   path: 'grunt-contrib-compass@~0.3.0',
54 verbose parsed url   href: 'grunt-contrib-compass@~0.3.0' }
55 verbose cache add name="grunt-contrib-compass" spec="~0.3.0" args=["grunt-contrib-compass","~0.3.0"]
56 verbose parsed url { protocol: null,
56 verbose parsed url   slashes: null,
56 verbose parsed url   auth: null,
56 verbose parsed url   host: null,
56 verbose parsed url   port: null,
56 verbose parsed url   hostname: null,
56 verbose parsed url   hash: null,
56 verbose parsed url   search: null,
56 verbose parsed url   query: null,
56 verbose parsed url   pathname: '~0.3.0',
56 verbose parsed url   path: '~0.3.0',
56 verbose parsed url   href: '~0.3.0' }
57 verbose addNamed [ 'grunt-contrib-compass', '~0.3.0' ]
58 verbose addNamed [ null, '>=0.3.0- <0.4.0-' ]
59 silly lockFile a8a7974b-grunt-contrib-compass-0-3-0 grunt-contrib-compass@~0.3.0
60 verbose lock grunt-contrib-compass@~0.3.0 /Users/paulsanderson/.npm/a8a7974b-grunt-contrib-compass-0-3-0.lock
61 verbose cache add [ 'grunt-contrib-jshint@~0.6.0', null ]
62 verbose cache add name=undefined spec="grunt-contrib-jshint@~0.6.0" args=["grunt-contrib-jshint@~0.6.0",null]
63 verbose parsed url { protocol: null,
63 verbose parsed url   slashes: null,
63 verbose parsed url   auth: null,
63 verbose parsed url   host: null,
63 verbose parsed url   port: null,
63 verbose parsed url   hostname: null,
63 verbose parsed url   hash: null,
63 verbose parsed url   search: null,
63 verbose parsed url   query: null,
63 verbose parsed url   pathname: 'grunt-contrib-jshint@~0.6.0',
63 verbose parsed url   path: 'grunt-contrib-jshint@~0.6.0',
63 verbose parsed url   href: 'grunt-contrib-jshint@~0.6.0' }
64 verbose cache add name="grunt-contrib-jshint" spec="~0.6.0" args=["grunt-contrib-jshint","~0.6.0"]
65 verbose parsed url { protocol: null,
65 verbose parsed url   slashes: null,
65 verbose parsed url   auth: null,
65 verbose parsed url   host: null,
65 verbose parsed url   port: null,
65 verbose parsed url   hostname: null,
65 verbose parsed url   hash: null,
65 verbose parsed url   search: null,
65 verbose parsed url   query: null,
65 verbose parsed url   pathname: '~0.6.0',
65 verbose parsed url   path: '~0.6.0',
65 verbose parsed url   href: '~0.6.0' }
66 verbose addNamed [ 'grunt-contrib-jshint', '~0.6.0' ]
67 verbose addNamed [ null, '>=0.6.0- <0.7.0-' ]
68 silly lockFile 86a9e453-grunt-contrib-jshint-0-6-0 grunt-contrib-jshint@~0.6.0
69 verbose lock grunt-contrib-jshint@~0.6.0 /Users/paulsanderson/.npm/86a9e453-grunt-contrib-jshint-0-6-0.lock
70 silly lockFile 2d9311bb-grunt-contrib-coffee-0-7-0 grunt-contrib-coffee@~0.7.0
71 verbose lock grunt-contrib-coffee@~0.7.0 /Users/paulsanderson/.npm/2d9311bb-grunt-contrib-coffee-0-7-0.lock
72 silly lockFile 0e44e68e-grunt-contrib-concat-0-3-0 grunt-contrib-concat@~0.3.0
73 verbose lock grunt-contrib-concat@~0.3.0 /Users/paulsanderson/.npm/0e44e68e-grunt-contrib-concat-0-3-0.lock
74 verbose cache add [ 'grunt-contrib-cssmin@~0.6.0', null ]
75 verbose cache add name=undefined spec="grunt-contrib-cssmin@~0.6.0" args=["grunt-contrib-cssmin@~0.6.0",null]
76 verbose parsed url { protocol: null,
76 verbose parsed url   slashes: null,
76 verbose parsed url   auth: null,
76 verbose parsed url   host: null,
76 verbose parsed url   port: null,
76 verbose parsed url   hostname: null,
76 verbose parsed url   hash: null,
76 verbose parsed url   search: null,
76 verbose parsed url   query: null,
76 verbose parsed url   pathname: 'grunt-contrib-cssmin@~0.6.0',
76 verbose parsed url   path: 'grunt-contrib-cssmin@~0.6.0',
76 verbose parsed url   href: 'grunt-contrib-cssmin@~0.6.0' }
77 verbose cache add name="grunt-contrib-cssmin" spec="~0.6.0" args=["grunt-contrib-cssmin","~0.6.0"]
78 verbose parsed url { protocol: null,
78 verbose parsed url   slashes: null,
78 verbose parsed url   auth: null,
78 verbose parsed url   host: null,
78 verbose parsed url   port: null,
78 verbose parsed url   hostname: null,
78 verbose parsed url   hash: null,
78 verbose parsed url   search: null,
78 verbose parsed url   query: null,
78 verbose parsed url   pathname: '~0.6.0',
78 verbose parsed url   path: '~0.6.0',
78 verbose parsed url   href: '~0.6.0' }
79 verbose addNamed [ 'grunt-contrib-cssmin', '~0.6.0' ]
80 verbose addNamed [ null, '>=0.6.0- <0.7.0-' ]
81 silly lockFile 681ad0ec-grunt-contrib-cssmin-0-6-0 grunt-contrib-cssmin@~0.6.0
82 verbose lock grunt-contrib-cssmin@~0.6.0 /Users/paulsanderson/.npm/681ad0ec-grunt-contrib-cssmin-0-6-0.lock
83 silly lockFile 2cc6dac2-grunt-contrib-uglify-0-2-0 grunt-contrib-uglify@~0.2.0
84 verbose lock grunt-contrib-uglify@~0.2.0 /Users/paulsanderson/.npm/2cc6dac2-grunt-contrib-uglify-0-2-0.lock
85 verbose cache add [ 'grunt-contrib-connect@~0.3.0', null ]
86 verbose cache add name=undefined spec="grunt-contrib-connect@~0.3.0" args=["grunt-contrib-connect@~0.3.0",null]
87 verbose parsed url { protocol: null,
87 verbose parsed url   slashes: null,
87 verbose parsed url   auth: null,
87 verbose parsed url   host: null,
87 verbose parsed url   port: null,
87 verbose parsed url   hostname: null,
87 verbose parsed url   hash: null,
87 verbose parsed url   search: null,
87 verbose parsed url   query: null,
87 verbose parsed url   pathname: 'grunt-contrib-connect@~0.3.0',
87 verbose parsed url   path: 'grunt-contrib-connect@~0.3.0',
87 verbose parsed url   href: 'grunt-contrib-connect@~0.3.0' }
88 verbose cache add name="grunt-contrib-connect" spec="~0.3.0" args=["grunt-contrib-connect","~0.3.0"]
89 verbose parsed url { protocol: null,
89 verbose parsed url   slashes: null,
89 verbose parsed url   auth: null,
89 verbose parsed url   host: null,
89 verbose parsed url   port: null,
89 verbose parsed url   hostname: null,
89 verbose parsed url   hash: null,
89 verbose parsed url   search: null,
89 verbose parsed url   query: null,
89 verbose parsed url   pathname: '~0.3.0',
89 verbose parsed url   path: '~0.3.0',
89 verbose parsed url   href: '~0.3.0' }
90 verbose addNamed [ 'grunt-contrib-connect', '~0.3.0' ]
91 verbose addNamed [ null, '>=0.3.0- <0.4.0-' ]
92 silly lockFile ec92e4f7-grunt-contrib-connect-0-3-0 grunt-contrib-connect@~0.3.0
93 verbose lock grunt-contrib-connect@~0.3.0 /Users/paulsanderson/.npm/ec92e4f7-grunt-contrib-connect-0-3-0.lock
94 verbose cache add [ 'grunt-contrib-clean@~0.4.1', null ]
95 verbose cache add name=undefined spec="grunt-contrib-clean@~0.4.1" args=["grunt-contrib-clean@~0.4.1",null]
96 verbose parsed url { protocol: null,
96 verbose parsed url   slashes: null,
96 verbose parsed url   auth: null,
96 verbose parsed url   host: null,
96 verbose parsed url   port: null,
96 verbose parsed url   hostname: null,
96 verbose parsed url   hash: null,
96 verbose parsed url   search: null,
96 verbose parsed url   query: null,
96 verbose parsed url   pathname: 'grunt-contrib-clean@~0.4.1',
96 verbose parsed url   path: 'grunt-contrib-clean@~0.4.1',
96 verbose parsed url   href: 'grunt-contrib-clean@~0.4.1' }
97 verbose cache add name="grunt-contrib-clean" spec="~0.4.1" args=["grunt-contrib-clean","~0.4.1"]
98 verbose parsed url { protocol: null,
98 verbose parsed url   slashes: null,
98 verbose parsed url   auth: null,
98 verbose parsed url   host: null,
98 verbose parsed url   port: null,
98 verbose parsed url   hostname: null,
98 verbose parsed url   hash: null,
98 verbose parsed url   search: null,
98 verbose parsed url   query: null,
98 verbose parsed url   pathname: '~0.4.1',
98 verbose parsed url   path: '~0.4.1',
98 verbose parsed url   href: '~0.4.1' }
99 verbose addNamed [ 'grunt-contrib-clean', '~0.4.1' ]
100 verbose addNamed [ null, '>=0.4.1- <0.5.0-' ]
101 silly lockFile 6475a015-grunt-contrib-clean-0-4-1 grunt-contrib-clean@~0.4.1
102 verbose lock grunt-contrib-clean@~0.4.1 /Users/paulsanderson/.npm/6475a015-grunt-contrib-clean-0-4-1.lock
103 verbose cache add [ 'grunt-contrib-htmlmin@~0.1.3', null ]
104 verbose cache add name=undefined spec="grunt-contrib-htmlmin@~0.1.3" args=["grunt-contrib-htmlmin@~0.1.3",null]
105 verbose parsed url { protocol: null,
105 verbose parsed url   slashes: null,
105 verbose parsed url   auth: null,
105 verbose parsed url   host: null,
105 verbose parsed url   port: null,
105 verbose parsed url   hostname: null,
105 verbose parsed url   hash: null,
105 verbose parsed url   search: null,
105 verbose parsed url   query: null,
105 verbose parsed url   pathname: 'grunt-contrib-htmlmin@~0.1.3',
105 verbose parsed url   path: 'grunt-contrib-htmlmin@~0.1.3',
105 verbose parsed url   href: 'grunt-contrib-htmlmin@~0.1.3' }
106 verbose cache add name="grunt-contrib-htmlmin" spec="~0.1.3" args=["grunt-contrib-htmlmin","~0.1.3"]
107 verbose parsed url { protocol: null,
107 verbose parsed url   slashes: null,
107 verbose parsed url   auth: null,
107 verbose parsed url   host: null,
107 verbose parsed url   port: null,
107 verbose parsed url   hostname: null,
107 verbose parsed url   hash: null,
107 verbose parsed url   search: null,
107 verbose parsed url   query: null,
107 verbose parsed url   pathname: '~0.1.3',
107 verbose parsed url   path: '~0.1.3',
107 verbose parsed url   href: '~0.1.3' }
108 verbose addNamed [ 'grunt-contrib-htmlmin', '~0.1.3' ]
109 verbose addNamed [ null, '>=0.1.3- <0.2.0-' ]
110 silly lockFile 2f1223f9-grunt-contrib-htmlmin-0-1-3 grunt-contrib-htmlmin@~0.1.3
111 verbose lock grunt-contrib-htmlmin@~0.1.3 /Users/paulsanderson/.npm/2f1223f9-grunt-contrib-htmlmin-0-1-3.lock
112 verbose cache add [ 'grunt-contrib-imagemin@~0.1.4', null ]
113 verbose cache add name=undefined spec="grunt-contrib-imagemin@~0.1.4" args=["grunt-contrib-imagemin@~0.1.4",null]
114 verbose parsed url { protocol: null,
114 verbose parsed url   slashes: null,
114 verbose parsed url   auth: null,
114 verbose parsed url   host: null,
114 verbose parsed url   port: null,
114 verbose parsed url   hostname: null,
114 verbose parsed url   hash: null,
114 verbose parsed url   search: null,
114 verbose parsed url   query: null,
114 verbose parsed url   pathname: 'grunt-contrib-imagemin@~0.1.4',
114 verbose parsed url   path: 'grunt-contrib-imagemin@~0.1.4',
114 verbose parsed url   href: 'grunt-contrib-imagemin@~0.1.4' }
115 verbose cache add name="grunt-contrib-imagemin" spec="~0.1.4" args=["grunt-contrib-imagemin","~0.1.4"]
116 verbose parsed url { protocol: null,
116 verbose parsed url   slashes: null,
116 verbose parsed url   auth: null,
116 verbose parsed url   host: null,
116 verbose parsed url   port: null,
116 verbose parsed url   hostname: null,
116 verbose parsed url   hash: null,
116 verbose parsed url   search: null,
116 verbose parsed url   query: null,
116 verbose parsed url   pathname: '~0.1.4',
116 verbose parsed url   path: '~0.1.4',
116 verbose parsed url   href: '~0.1.4' }
117 verbose addNamed [ 'grunt-contrib-imagemin', '~0.1.4' ]
118 verbose addNamed [ null, '>=0.1.4- <0.2.0-' ]
119 silly lockFile e955ffe7-grunt-contrib-imagemin-0-1-4 grunt-contrib-imagemin@~0.1.4
120 verbose lock grunt-contrib-imagemin@~0.1.4 /Users/paulsanderson/.npm/e955ffe7-grunt-contrib-imagemin-0-1-4.lock
121 verbose cache add [ 'grunt-contrib-watch@~0.4.0', null ]
122 verbose cache add name=undefined spec="grunt-contrib-watch@~0.4.0" args=["grunt-contrib-watch@~0.4.0",null]
123 verbose parsed url { protocol: null,
123 verbose parsed url   slashes: null,
123 verbose parsed url   auth: null,
123 verbose parsed url   host: null,
123 verbose parsed url   port: null,
123 verbose parsed url   hostname: null,
123 verbose parsed url   hash: null,
123 verbose parsed url   search: null,
123 verbose parsed url   query: null,
123 verbose parsed url   pathname: 'grunt-contrib-watch@~0.4.0',
123 verbose parsed url   path: 'grunt-contrib-watch@~0.4.0',
123 verbose parsed url   href: 'grunt-contrib-watch@~0.4.0' }
124 verbose cache add name="grunt-contrib-watch" spec="~0.4.0" args=["grunt-contrib-watch","~0.4.0"]
125 verbose parsed url { protocol: null,
125 verbose parsed url   slashes: null,
125 verbose parsed url   auth: null,
125 verbose parsed url   host: null,
125 verbose parsed url   port: null,
125 verbose parsed url   hostname: null,
125 verbose parsed url   hash: null,
125 verbose parsed url   search: null,
125 verbose parsed url   query: null,
125 verbose parsed url   pathname: '~0.4.0',
125 verbose parsed url   path: '~0.4.0',
125 verbose parsed url   href: '~0.4.0' }
126 verbose addNamed [ 'grunt-contrib-watch', '~0.4.0' ]
127 verbose addNamed [ null, '>=0.4.0- <0.5.0-' ]
128 silly lockFile a1b987bc-grunt-contrib-watch-0-4-0 grunt-contrib-watch@~0.4.0
129 verbose lock grunt-contrib-watch@~0.4.0 /Users/paulsanderson/.npm/a1b987bc-grunt-contrib-watch-0-4-0.lock
130 verbose cache add [ 'grunt-usemin@~0.1.11', null ]
131 verbose cache add name=undefined spec="grunt-usemin@~0.1.11" args=["grunt-usemin@~0.1.11",null]
132 verbose parsed url { protocol: null,
132 verbose parsed url   slashes: null,
132 verbose parsed url   auth: null,
132 verbose parsed url   host: null,
132 verbose parsed url   port: null,
132 verbose parsed url   hostname: null,
132 verbose parsed url   hash: null,
132 verbose parsed url   search: null,
132 verbose parsed url   query: null,
132 verbose parsed url   pathname: 'grunt-usemin@~0.1.11',
132 verbose parsed url   path: 'grunt-usemin@~0.1.11',
132 verbose parsed url   href: 'grunt-usemin@~0.1.11' }
133 verbose cache add name="grunt-usemin" spec="~0.1.11" args=["grunt-usemin","~0.1.11"]
134 verbose parsed url { protocol: null,
134 verbose parsed url   slashes: null,
134 verbose parsed url   auth: null,
134 verbose parsed url   host: null,
134 verbose parsed url   port: null,
134 verbose parsed url   hostname: null,
134 verbose parsed url   hash: null,
134 verbose parsed url   search: null,
134 verbose parsed url   query: null,
134 verbose parsed url   pathname: '~0.1.11',
134 verbose parsed url   path: '~0.1.11',
134 verbose parsed url   href: '~0.1.11' }
135 verbose addNamed [ 'grunt-usemin', '~0.1.11' ]
136 verbose addNamed [ null, '>=0.1.11- <0.2.0-' ]
137 silly lockFile 55260cee-grunt-usemin-0-1-11 grunt-usemin@~0.1.11
138 verbose lock grunt-usemin@~0.1.11 /Users/paulsanderson/.npm/55260cee-grunt-usemin-0-1-11.lock
139 verbose cache add [ 'grunt-rev@~0.1.0', null ]
140 verbose cache add name=undefined spec="grunt-rev@~0.1.0" args=["grunt-rev@~0.1.0",null]
141 verbose parsed url { protocol: null,
141 verbose parsed url   slashes: null,
141 verbose parsed url   auth: null,
141 verbose parsed url   host: null,
141 verbose parsed url   port: null,
141 verbose parsed url   hostname: null,
141 verbose parsed url   hash: null,
141 verbose parsed url   search: null,
141 verbose parsed url   query: null,
141 verbose parsed url   pathname: 'grunt-rev@~0.1.0',
141 verbose parsed url   path: 'grunt-rev@~0.1.0',
141 verbose parsed url   href: 'grunt-rev@~0.1.0' }
142 verbose cache add name="grunt-rev" spec="~0.1.0" args=["grunt-rev","~0.1.0"]
143 verbose parsed url { protocol: null,
143 verbose parsed url   slashes: null,
143 verbose parsed url   auth: null,
143 verbose parsed url   host: null,
143 verbose parsed url   port: null,
143 verbose parsed url   hostname: null,
143 verbose parsed url   hash: null,
143 verbose parsed url   search: null,
143 verbose parsed url   query: null,
143 verbose parsed url   pathname: '~0.1.0',
143 verbose parsed url   path: '~0.1.0',
143 verbose parsed url   href: '~0.1.0' }
144 verbose addNamed [ 'grunt-rev', '~0.1.0' ]
145 verbose addNamed [ null, '>=0.1.0- <0.2.0-' ]
146 silly lockFile a3a49760-grunt-rev-0-1-0 grunt-rev@~0.1.0
147 verbose lock grunt-rev@~0.1.0 /Users/paulsanderson/.npm/a3a49760-grunt-rev-0-1-0.lock
148 verbose cache add [ 'grunt-karma@~0.4.3', null ]
149 verbose cache add name=undefined spec="grunt-karma@~0.4.3" args=["grunt-karma@~0.4.3",null]
150 verbose parsed url { protocol: null,
150 verbose parsed url   slashes: null,
150 verbose parsed url   auth: null,
150 verbose parsed url   host: null,
150 verbose parsed url   port: null,
150 verbose parsed url   hostname: null,
150 verbose parsed url   hash: null,
150 verbose parsed url   search: null,
150 verbose parsed url   query: null,
150 verbose parsed url   pathname: 'grunt-karma@~0.4.3',
150 verbose parsed url   path: 'grunt-karma@~0.4.3',
150 verbose parsed url   href: 'grunt-karma@~0.4.3' }
151 verbose cache add name="grunt-karma" spec="~0.4.3" args=["grunt-karma","~0.4.3"]
152 verbose parsed url { protocol: null,
152 verbose parsed url   slashes: null,
152 verbose parsed url   auth: null,
152 verbose parsed url   host: null,
152 verbose parsed url   port: null,
152 verbose parsed url   hostname: null,
152 verbose parsed url   hash: null,
152 verbose parsed url   search: null,
152 verbose parsed url   query: null,
152 verbose parsed url   pathname: '~0.4.3',
152 verbose parsed url   path: '~0.4.3',
152 verbose parsed url   href: '~0.4.3' }
153 verbose addNamed [ 'grunt-karma', '~0.4.3' ]
154 verbose addNamed [ null, '>=0.4.3- <0.5.0-' ]
155 silly lockFile 210e4a03-grunt-karma-0-4-3 grunt-karma@~0.4.3
156 verbose lock grunt-karma@~0.4.3 /Users/paulsanderson/.npm/210e4a03-grunt-karma-0-4-3.lock
157 verbose cache add [ 'grunt-open@~0.2.0', null ]
158 verbose cache add name=undefined spec="grunt-open@~0.2.0" args=["grunt-open@~0.2.0",null]
159 verbose parsed url { protocol: null,
159 verbose parsed url   slashes: null,
159 verbose parsed url   auth: null,
159 verbose parsed url   host: null,
159 verbose parsed url   port: null,
159 verbose parsed url   hostname: null,
159 verbose parsed url   hash: null,
159 verbose parsed url   search: null,
159 verbose parsed url   query: null,
159 verbose parsed url   pathname: 'grunt-open@~0.2.0',
159 verbose parsed url   path: 'grunt-open@~0.2.0',
159 verbose parsed url   href: 'grunt-open@~0.2.0' }
160 verbose cache add name="grunt-open" spec="~0.2.0" args=["grunt-open","~0.2.0"]
161 verbose parsed url { protocol: null,
161 verbose parsed url   slashes: null,
161 verbose parsed url   auth: null,
161 verbose parsed url   host: null,
161 verbose parsed url   port: null,
161 verbose parsed url   hostname: null,
161 verbose parsed url   hash: null,
161 verbose parsed url   search: null,
161 verbose parsed url   query: null,
161 verbose parsed url   pathname: '~0.2.0',
161 verbose parsed url   path: '~0.2.0',
161 verbose parsed url   href: '~0.2.0' }
162 verbose addNamed [ 'grunt-open', '~0.2.0' ]
163 verbose addNamed [ null, '>=0.2.0- <0.3.0-' ]
164 silly lockFile a449c8be-grunt-open-0-2-0 grunt-open@~0.2.0
165 verbose lock grunt-open@~0.2.0 /Users/paulsanderson/.npm/a449c8be-grunt-open-0-2-0.lock
166 verbose cache add [ 'grunt-concurrent@~0.3.0', null ]
167 verbose cache add name=undefined spec="grunt-concurrent@~0.3.0" args=["grunt-concurrent@~0.3.0",null]
168 verbose parsed url { protocol: null,
168 verbose parsed url   slashes: null,
168 verbose parsed url   auth: null,
168 verbose parsed url   host: null,
168 verbose parsed url   port: null,
168 verbose parsed url   hostname: null,
168 verbose parsed url   hash: null,
168 verbose parsed url   search: null,
168 verbose parsed url   query: null,
168 verbose parsed url   pathname: 'grunt-concurrent@~0.3.0',
168 verbose parsed url   path: 'grunt-concurrent@~0.3.0',
168 verbose parsed url   href: 'grunt-concurrent@~0.3.0' }
169 verbose cache add name="grunt-concurrent" spec="~0.3.0" args=["grunt-concurrent","~0.3.0"]
170 verbose parsed url { protocol: null,
170 verbose parsed url   slashes: null,
170 verbose parsed url   auth: null,
170 verbose parsed url   host: null,
170 verbose parsed url   port: null,
170 verbose parsed url   hostname: null,
170 verbose parsed url   hash: null,
170 verbose parsed url   search: null,
170 verbose parsed url   query: null,
170 verbose parsed url   pathname: '~0.3.0',
170 verbose parsed url   path: '~0.3.0',
170 verbose parsed url   href: '~0.3.0' }
171 verbose addNamed [ 'grunt-concurrent', '~0.3.0' ]
172 verbose addNamed [ null, '>=0.3.0- <0.4.0-' ]
173 silly lockFile 339cc45a-grunt-concurrent-0-3-0 grunt-concurrent@~0.3.0
174 verbose lock grunt-concurrent@~0.3.0 /Users/paulsanderson/.npm/339cc45a-grunt-concurrent-0-3-0.lock
175 verbose cache add [ 'matchdep@~0.1.2', null ]
176 verbose cache add name=undefined spec="matchdep@~0.1.2" args=["matchdep@~0.1.2",null]
177 verbose parsed url { protocol: null,
177 verbose parsed url   slashes: null,
177 verbose parsed url   auth: null,
177 verbose parsed url   host: null,
177 verbose parsed url   port: null,
177 verbose parsed url   hostname: null,
177 verbose parsed url   hash: null,
177 verbose parsed url   search: null,
177 verbose parsed url   query: null,
177 verbose parsed url   pathname: 'matchdep@~0.1.2',
177 verbose parsed url   path: 'matchdep@~0.1.2',
177 verbose parsed url   href: 'matchdep@~0.1.2' }
178 verbose cache add name="matchdep" spec="~0.1.2" args=["matchdep","~0.1.2"]
179 verbose parsed url { protocol: null,
179 verbose parsed url   slashes: null,
179 verbose parsed url   auth: null,
179 verbose parsed url   host: null,
179 verbose parsed url   port: null,
179 verbose parsed url   hostname: null,
179 verbose parsed url   hash: null,
179 verbose parsed url   search: null,
179 verbose parsed url   query: null,
179 verbose parsed url   pathname: '~0.1.2',
179 verbose parsed url   path: '~0.1.2',
179 verbose parsed url   href: '~0.1.2' }
180 verbose addNamed [ 'matchdep', '~0.1.2' ]
181 verbose addNamed [ null, '>=0.1.2- <0.2.0-' ]
182 silly lockFile 33e499db-matchdep-0-1-2 matchdep@~0.1.2
183 verbose lock matchdep@~0.1.2 /Users/paulsanderson/.npm/33e499db-matchdep-0-1-2.lock
184 verbose cache add [ 'connect-livereload@~0.2.0', null ]
185 verbose cache add name=undefined spec="connect-livereload@~0.2.0" args=["connect-livereload@~0.2.0",null]
186 verbose parsed url { protocol: null,
186 verbose parsed url   slashes: null,
186 verbose parsed url   auth: null,
186 verbose parsed url   host: null,
186 verbose parsed url   port: null,
186 verbose parsed url   hostname: null,
186 verbose parsed url   hash: null,
186 verbose parsed url   search: null,
186 verbose parsed url   query: null,
186 verbose parsed url   pathname: 'connect-livereload@~0.2.0',
186 verbose parsed url   path: 'connect-livereload@~0.2.0',
186 verbose parsed url   href: 'connect-livereload@~0.2.0' }
187 verbose cache add name="connect-livereload" spec="~0.2.0" args=["connect-livereload","~0.2.0"]
188 verbose parsed url { protocol: null,
188 verbose parsed url   slashes: null,
188 verbose parsed url   auth: null,
188 verbose parsed url   host: null,
188 verbose parsed url   port: null,
188 verbose parsed url   hostname: null,
188 verbose parsed url   hash: null,
188 verbose parsed url   search: null,
188 verbose parsed url   query: null,
188 verbose parsed url   pathname: '~0.2.0',
188 verbose parsed url   path: '~0.2.0',
188 verbose parsed url   href: '~0.2.0' }
189 verbose addNamed [ 'connect-livereload', '~0.2.0' ]
190 verbose addNamed [ null, '>=0.2.0- <0.3.0-' ]
191 silly lockFile 78f564f0-connect-livereload-0-2-0 connect-livereload@~0.2.0
192 verbose lock connect-livereload@~0.2.0 /Users/paulsanderson/.npm/78f564f0-connect-livereload-0-2-0.lock
193 verbose cache add [ 'grunt-google-cdn@~0.2.0', null ]
194 verbose cache add name=undefined spec="grunt-google-cdn@~0.2.0" args=["grunt-google-cdn@~0.2.0",null]
195 verbose parsed url { protocol: null,
195 verbose parsed url   slashes: null,
195 verbose parsed url   auth: null,
195 verbose parsed url   host: null,
195 verbose parsed url   port: null,
195 verbose parsed url   hostname: null,
195 verbose parsed url   hash: null,
195 verbose parsed url   search: null,
195 verbose parsed url   query: null,
195 verbose parsed url   pathname: 'grunt-google-cdn@~0.2.0',
195 verbose parsed url   path: 'grunt-google-cdn@~0.2.0',
195 verbose parsed url   href: 'grunt-google-cdn@~0.2.0' }
196 verbose cache add name="grunt-google-cdn" spec="~0.2.0" args=["grunt-google-cdn","~0.2.0"]
197 verbose parsed url { protocol: null,
197 verbose parsed url   slashes: null,
197 verbose parsed url   auth: null,
197 verbose parsed url   host: null,
197 verbose parsed url   port: null,
197 verbose parsed url   hostname: null,
197 verbose parsed url   hash: null,
197 verbose parsed url   search: null,
197 verbose parsed url   query: null,
197 verbose parsed url   pathname: '~0.2.0',
197 verbose parsed url   path: '~0.2.0',
197 verbose parsed url   href: '~0.2.0' }
198 verbose addNamed [ 'grunt-google-cdn', '~0.2.0' ]
199 verbose addNamed [ null, '>=0.2.0- <0.3.0-' ]
200 silly lockFile 9c4c1f15-grunt-google-cdn-0-2-0 grunt-google-cdn@~0.2.0
201 verbose lock grunt-google-cdn@~0.2.0 /Users/paulsanderson/.npm/9c4c1f15-grunt-google-cdn-0-2-0.lock
202 verbose cache add [ 'grunt-ngmin@~0.0.2', null ]
203 verbose cache add name=undefined spec="grunt-ngmin@~0.0.2" args=["grunt-ngmin@~0.0.2",null]
204 verbose parsed url { protocol: null,
204 verbose parsed url   slashes: null,
204 verbose parsed url   auth: null,
204 verbose parsed url   host: null,
204 verbose parsed url   port: null,
204 verbose parsed url   hostname: null,
204 verbose parsed url   hash: null,
204 verbose parsed url   search: null,
204 verbose parsed url   query: null,
204 verbose parsed url   pathname: 'grunt-ngmin@~0.0.2',
204 verbose parsed url   path: 'grunt-ngmin@~0.0.2',
204 verbose parsed url   href: 'grunt-ngmin@~0.0.2' }
205 verbose cache add name="grunt-ngmin" spec="~0.0.2" args=["grunt-ngmin","~0.0.2"]
206 verbose parsed url { protocol: null,
206 verbose parsed url   slashes: null,
206 verbose parsed url   auth: null,
206 verbose parsed url   host: null,
206 verbose parsed url   port: null,
206 verbose parsed url   hostname: null,
206 verbose parsed url   hash: null,
206 verbose parsed url   search: null,
206 verbose parsed url   query: null,
206 verbose parsed url   pathname: '~0.0.2',
206 verbose parsed url   path: '~0.0.2',
206 verbose parsed url   href: '~0.0.2' }
207 verbose addNamed [ 'grunt-ngmin', '~0.0.2' ]
208 verbose addNamed [ null, '>=0.0.2- <0.1.0-' ]
209 silly lockFile 07f9ec83-grunt-ngmin-0-0-2 grunt-ngmin@~0.0.2
210 verbose lock grunt-ngmin@~0.0.2 /Users/paulsanderson/.npm/07f9ec83-grunt-ngmin-0-0-2.lock
211 silly lockFile 766a3bd3-grunt-0-4-1 grunt@~0.4.1
212 error Error: EACCES, open '/Users/paulsanderson/.npm/766a3bd3-grunt-0-4-1.lock'
212 error  { [Error: EACCES, open '/Users/paulsanderson/.npm/766a3bd3-grunt-0-4-1.lock']
212 error   errno: 3,
212 error   code: 'EACCES',
212 error   path: '/Users/paulsanderson/.npm/766a3bd3-grunt-0-4-1.lock' }
213 error Please try running this command again as root/Administrator.
214 error System Darwin 12.3.0
215 error command "node" "/usr/local/bin/npm" "install"
216 error cwd /Users/paulsanderson/working/dronetest
217 error node -v v0.10.12
218 error npm -v 1.2.32
219 error path /Users/paulsanderson/.npm/766a3bd3-grunt-0-4-1.lock
220 error code EACCES
221 error errno 3
222 error stack Error: EACCES, open '/Users/paulsanderson/.npm/766a3bd3-grunt-0-4-1.lock'
223 verbose exit [ 3, true ]
